c:\users\tsybr\onedrive\lab2\custom_mkl\x64\debug\pch.obj
c:\users\tsybr\onedrive\lab2\custom_mkl\x64\debug\custom_mkl.pch
c:\users\tsybr\onedrive\lab2\custom_mkl\x64\debug\dllmain.obj
c:\users\tsybr\onedrive\lab2\x64\debug\custom_mkl.lib
c:\users\tsybr\onedrive\lab2\x64\debug\custom_mkl.pdb
c:\users\tsybr\onedrive\lab2\x64\debug\custom_mkl.dll
c:\users\tsybr\onedrive\lab2\custom_mkl\x64\debug\custom_mkl.tlog\icx-clang-cl.35220.delete.1.tlog
c:\users\tsybr\onedrive\lab2\custom_mkl\x64\debug\custom_mkl.tlog\icx-clang-cl.35220.read.1.tlog
c:\users\tsybr\onedrive\lab2\custom_mkl\x64\debug\custom_mkl.tlog\icx-clang-cl.35220.write.1.tlog
c:\users\tsybr\onedrive\lab2\custom_mkl\x64\debug\custom_mkl.tlog\icx-clang-cl.46888.delete.1.tlog
c:\users\tsybr\onedrive\lab2\custom_mkl\x64\debug\custom_mkl.tlog\icx-clang-cl.46888.read.1.tlog
c:\users\tsybr\onedrive\lab2\custom_mkl\x64\debug\custom_mkl.tlog\icx-clang-cl.46888.write.1.tlog
c:\users\tsybr\onedrive\lab2\custom_mkl\x64\debug\custom_mkl.tlog\icx-clang-cl.delete.1.tlog
c:\users\tsybr\onedrive\lab2\custom_mkl\x64\debug\custom_mkl.tlog\icx-clang-cl.read.1.tlog
c:\users\tsybr\onedrive\lab2\custom_mkl\x64\debug\custom_mkl.tlog\icx-clang-cl.write.1.tlog
c:\users\tsybr\onedrive\lab2\custom_mkl\x64\debug\custom_mkl.tlog\icx.command.1.tlog
c:\users\tsybr\onedrive\lab2\custom_mkl\x64\debug\custom_mkl.tlog\icx.read.1.tlog
c:\users\tsybr\onedrive\lab2\custom_mkl\x64\debug\custom_mkl.tlog\icx.write.1.tlog
c:\users\tsybr\onedrive\lab2\custom_mkl\x64\debug\custom_mkl.tlog\xilink-clang.read.1.tlog
c:\users\tsybr\onedrive\lab2\custom_mkl\x64\debug\custom_mkl.tlog\xilink-lld-link.delete.1.tlog
c:\users\tsybr\onedrive\lab2\custom_mkl\x64\debug\custom_mkl.tlog\xilink-lld-link.read.1.tlog
c:\users\tsybr\onedrive\lab2\custom_mkl\x64\debug\custom_mkl.tlog\xilink-lld-link.read.2.tlog
c:\users\tsybr\onedrive\lab2\custom_mkl\x64\debug\custom_mkl.tlog\xilink-lld-link.read.3.tlog
c:\users\tsybr\onedrive\lab2\custom_mkl\x64\debug\custom_mkl.tlog\xilink-lld-link.write.1.tlog
c:\users\tsybr\onedrive\lab2\custom_mkl\x64\debug\custom_mkl.tlog\xilink.command.1.tlog
c:\users\tsybr\onedrive\lab2\custom_mkl\x64\debug\custom_mkl.tlog\xilink.read.1.tlog
c:\users\tsybr\onedrive\lab2\custom_mkl\x64\debug\custom_mkl.tlog\xilink.write.1.tlog
